2015-08-24T10:35:04: Launching bolt session for c:\users\r.kutliahmetov\documents\visual studio 2013\projects\redis\.redis.boltdata - SessionId: dd1b4dd1-e311-4037-a8b7-8e625b62f64a
2015-08-24T10:35:11: Waiting for process to exit:  Bolt.Agent.40.x86(4392)
2015-08-24T10:35:13: Monitoring Process -- [4392] "C:\Program Files (x86)\Microsoft Visual Studio 12.0\Common7\IDE\Extensions\NCover\Bolt\5.0.2853.638\Bolt.Agent.40.x86.exe"
2015-08-24T10:35:13: Execution -- [62FA4CAC108857637558B13C01DB36157C427022] 
2015-08-24T10:35:13: AllocatedPage -- [Global\GN_PAGE_001_4392] - 16777216
2015-08-24T10:35:13: Default AppDomain Started -- [1838616416] "mscorlib.dll" [62FA4CAC108857637558B13C01DB36157C427022]
2015-08-24T10:35:13: Default AppDomain Started -- [6452904] "DefaultDomain" [62FA4CAC108857637558B13C01DB36157C427022]
2015-08-24T10:35:13: Default AppDomain Started -- [1838615560] "EE Shared Assembly Repository" [62FA4CAC108857637558B13C01DB36157C427022]
2015-08-24T10:35:15: Ignoring BoltLoader AppDomain -- [102427360] "BoltLoader-C:\Users\r.kutliahmetov\Documents\Visual Studio 2013\Projects\Redis\bin\Debug\Redis.exe" [62FA4CAC108857637558B13C01DB36157C427022]
2015-08-24T10:35:18: Launch Static Analysis Module -- [248176114552887DDA498E2C210BDAE7022015F9] "C:\Users\r.kutliahmetov\Documents\Visual Studio 2013\Projects\Redis\bin\Debug\Redis.exe"
2015-08-24T10:35:19: Analysis Confirm: Check for existing Static Capture Hash - Redis.exe ModuleHash[248176114552887DDA498E2C210BDAE7022015F9] MerkleHash[0000000000000000000000000000000000000000] DocumentHash[27DCDB6E4C09C5A272FA9C677E5021BBC02B737E]
2015-08-24T10:35:19: Analysis Confirm: Static Analysis NOT found for Redis.exe by IL hash: ModuleHash[248176114552887DDA498E2C210BDAE7022015F9] MerkleHash[0000000000000000000000000000000000000000
2015-08-24T10:35:19: Analysis for module required Redis.exe: ModuleHash[248176114552887DDA498E2C210BDAE7022015F9] MerkleHash[0000000000000000000000000000000000000000]
2015-08-24T10:35:19: Module Load -- Capture[248176114552887DDA498E2C210BDAE7022015F9] Binary[248176114552887DDA498E2C210BDAE7022015F9] Merkle[38AC3C56C6791AF3286395120BD94AF2C94584BA] Module "C:\Users\r.kutliahmetov\Documents\Visual Studio 2013\Projects\Redis\bin\Debug\Redis.exe"
2015-08-24T10:35:19: 2015-08-24T10:35:19.8714614+05:00 AnalysisShutdown RECEIVED:  248176114552887DDA498E2C210BDAE7022015F9
2015-08-24T10:35:20: Analysis Shutdown -- [248176114552887DDA498E2C210BDAE7022015F9]
2015-08-24T10:35:20: Static capture finalized -- [248176114552887DDA498E2C210BDAE7022015F9] - 356 ms
2015-08-24T10:35:20: Captures to be updated because of static analysis -- [248176114552887DDA498E2C210BDAE7022015F9] - 0
2015-08-24T10:35:20: Executions modified because of static analysis -- [248176114552887DDA498E2C210BDAE7022015F9] - 0
2015-08-24T10:35:26: GET http://127.0.0.1:11235/serveravailable.json 200 0,001s 
2015-08-24T10:35:36: AppDomain Execution Started -- [102459464] "Bolt Run - C:\Users\r.kutliahmetov\Documents\Visual Studio 2013\Projects\Redis\bin\Debug\Redis.exe" [1AAF57DBEB24F4B3A2591AB9F52CFA0F4AA96C42]
2015-08-24T10:35:36: Module Load -- Capture[254CE32E4350E2371F4F8BA43642BB6BF37139D8] Binary[248176114552887DDA498E2C210BDAE7022015F9] Merkle[0000000000000000000000000000000000000000] Module "C:\Users\r.kutliahmetov\Documents\Visual Studio 2013\Projects\Redis\bin\Debug\Redis.exe"
2015-08-24T10:35:36: Launch Static Analysis Module -- [248176114552887DDA498E2C210BDAE7022015F9] "C:\Users\r.kutliahmetov\Documents\Visual Studio 2013\Projects\Redis\bin\Debug\Redis.exe"
2015-08-24T10:35:36: Analysis Confirm: Check for existing Static Capture Hash - Redis.exe ModuleHash[248176114552887DDA498E2C210BDAE7022015F9] MerkleHash[0000000000000000000000000000000000000000] DocumentHash[27DCDB6E4C09C5A272FA9C677E5021BBC02B737E]
2015-08-24T10:35:36: Analysis Confirm: Static Analysis NOT found for Redis.exe by IL hash: ModuleHash[248176114552887DDA498E2C210BDAE7022015F9] MerkleHash[0000000000000000000000000000000000000000
2015-08-24T10:35:36: Analysis for module required Redis.exe: ModuleHash[248176114552887DDA498E2C210BDAE7022015F9] MerkleHash[0000000000000000000000000000000000000000]
2015-08-24T10:35:36: Module Load -- Capture[248176114552887DDA498E2C210BDAE7022015F9] Binary[248176114552887DDA498E2C210BDAE7022015F9] Merkle[38AC3C56C6791AF3286395120BD94AF2C94584BA] Module "C:\Users\r.kutliahmetov\Documents\Visual Studio 2013\Projects\Redis\bin\Debug\Redis.exe"
2015-08-24T10:35:37: 2015-08-24T10:35:37.1336878+05:00 AnalysisShutdown RECEIVED:  248176114552887DDA498E2C210BDAE7022015F9
2015-08-24T10:35:37: Analysis Shutdown -- [248176114552887DDA498E2C210BDAE7022015F9]
2015-08-24T10:35:37: Static capture finalized -- [248176114552887DDA498E2C210BDAE7022015F9] - 64 ms
2015-08-24T10:35:37: Captures to be updated because of static analysis -- [248176114552887DDA498E2C210BDAE7022015F9] - 0
2015-08-24T10:35:37: Executions modified because of static analysis -- [248176114552887DDA498E2C210BDAE7022015F9] - 0
2015-08-24T10:35:37: App Domain shutdown - finalize [1AAF57DBEB24F4B3A2591AB9F52CFA0F4AA96C42] appDomain [Bolt Run - C:\Users\r.kutliahmetov\Documents\Visual Studio 2013\Projects\Redis\bin\Debug\Redis.exe]
2015-08-24T10:35:37: Finalize Execution Loading [1AAF57DBEB24F4B3A2591AB9F52CFA0F4AA96C42] appDomain [Bolt Run - C:\Users\r.kutliahmetov\Documents\Visual Studio 2013\Projects\Redis\bin\Debug\Redis.exe] captures [1]
2015-08-24T10:35:37: Finalize Execution [1AAF57DBEB24F4B3A2591AB9F52CFA0F4AA96C42] Loading Complete appDomain [Bolt Run - C:\Users\r.kutliahmetov\Documents\Visual Studio 2013\Projects\Redis\bin\Debug\Redis.exe]
2015-08-24T10:35:37: Finalize Execution [1AAF57DBEB24F4B3A2591AB9F52CFA0F4AA96C42] -- final execution id [1AAF57DBEB24F4B3A2591AB9F52CFA0F4AA96C42]
2015-08-24T10:35:37: [E72B3E4E384F87C1A88C41D40704B52949D08AF9]Create merge queue: project[3E7F569A54D16A35B6FC1471A0D0084DC6B242B3] buildId[Bolt Run - 5f1418d0] execution ct: 1
2015-08-24T10:35:37: [E72B3E4E384F87C1A88C41D40704B52949D08AF9]Joining merge queue: project[3E7F569A54D16A35B6FC1471A0D0084DC6B242B3] buildId[Bolt Run - 5f1418d0] execution ct: 1
2015-08-24T10:35:37: Adding 1 execution captures to merge queue: 1AAF57DBEB24F4B3A2591AB9F52CFA0F4AA96C42
2015-08-24T10:35:38: Deleting execution after consolidation: 1AAF57DBEB24F4B3A2591AB9F52CFA0F4AA96C42
2015-08-24T10:35:38: [E72B3E4E384F87C1A88C41D40704B52949D08AF9] merge request post processing completed.
2015-08-24T10:35:38: Execution E72B3E4E384F87C1A88C41D40704B52949D08AF9 pre-aggregation complete in 00:00:00.1992942
2015-08-24T10:35:57: GET http://127.0.0.1:11235/serveravailable.json 200 0,001s 
2015-08-24T10:36:07: AppDomain Execution Started -- [103108312] "Bolt Run - C:\Users\r.kutliahmetov\Documents\Visual Studio 2013\Projects\Redis\bin\Debug\Redis.exe" [0B06F1A488FB96D65C94D34CCE09C348BEBB953E]
2015-08-24T10:36:07: Module Load -- Capture[43DF88F15955932BF9359FC30046861CFAE66DB9] Binary[248176114552887DDA498E2C210BDAE7022015F9] Merkle[0000000000000000000000000000000000000000] Module "C:\Users\r.kutliahmetov\Documents\Visual Studio 2013\Projects\Redis\bin\Debug\Redis.exe"
2015-08-24T10:36:07: Launch Static Analysis Module -- [248176114552887DDA498E2C210BDAE7022015F9] "C:\Users\r.kutliahmetov\Documents\Visual Studio 2013\Projects\Redis\bin\Debug\Redis.exe"
2015-08-24T10:36:07: Analysis Confirm: Check for existing Static Capture Hash - Redis.exe ModuleHash[248176114552887DDA498E2C210BDAE7022015F9] MerkleHash[0000000000000000000000000000000000000000] DocumentHash[27DCDB6E4C09C5A272FA9C677E5021BBC02B737E]
2015-08-24T10:36:07: Analysis Confirm: Static Analysis NOT found for Redis.exe by IL hash: ModuleHash[248176114552887DDA498E2C210BDAE7022015F9] MerkleHash[0000000000000000000000000000000000000000
2015-08-24T10:36:07: Analysis for module required Redis.exe: ModuleHash[248176114552887DDA498E2C210BDAE7022015F9] MerkleHash[0000000000000000000000000000000000000000]
2015-08-24T10:36:07: Module Load -- Capture[248176114552887DDA498E2C210BDAE7022015F9] Binary[248176114552887DDA498E2C210BDAE7022015F9] Merkle[38AC3C56C6791AF3286395120BD94AF2C94584BA] Module "C:\Users\r.kutliahmetov\Documents\Visual Studio 2013\Projects\Redis\bin\Debug\Redis.exe"
2015-08-24T10:36:07: 2015-08-24T10:36:07.9838690+05:00 AnalysisShutdown RECEIVED:  248176114552887DDA498E2C210BDAE7022015F9
2015-08-24T10:36:07: Analysis Shutdown -- [248176114552887DDA498E2C210BDAE7022015F9]
2015-08-24T10:36:08: Static capture finalized -- [248176114552887DDA498E2C210BDAE7022015F9] - 56 ms
2015-08-24T10:36:08: Captures to be updated because of static analysis -- [248176114552887DDA498E2C210BDAE7022015F9] - 0
2015-08-24T10:36:08: Executions modified because of static analysis -- [248176114552887DDA498E2C210BDAE7022015F9] - 0
2015-08-24T10:36:27: GET http://127.0.0.1:11235/serveravailable.json 200 0,001s 
2015-08-24T10:36:39: App Domain shutdown - finalize [0B06F1A488FB96D65C94D34CCE09C348BEBB953E] appDomain [Bolt Run - C:\Users\r.kutliahmetov\Documents\Visual Studio 2013\Projects\Redis\bin\Debug\Redis.exe]
2015-08-24T10:36:39: Finalize Execution Loading [0B06F1A488FB96D65C94D34CCE09C348BEBB953E] appDomain [Bolt Run - C:\Users\r.kutliahmetov\Documents\Visual Studio 2013\Projects\Redis\bin\Debug\Redis.exe] captures [1]
2015-08-24T10:36:39: Finalize Execution [0B06F1A488FB96D65C94D34CCE09C348BEBB953E] Loading Complete appDomain [Bolt Run - C:\Users\r.kutliahmetov\Documents\Visual Studio 2013\Projects\Redis\bin\Debug\Redis.exe]
2015-08-24T10:36:39: Finalize Execution [0B06F1A488FB96D65C94D34CCE09C348BEBB953E] -- final execution id [0B06F1A488FB96D65C94D34CCE09C348BEBB953E]
2015-08-24T10:36:39: [9B5D388D5E83B8D239EDFC427097E41517CFCF3B]Create merge queue: project[3E7F569A54D16A35B6FC1471A0D0084DC6B242B3] buildId[Bolt Run - 575f7c40] execution ct: 1
2015-08-24T10:36:39: [9B5D388D5E83B8D239EDFC427097E41517CFCF3B]Joining merge queue: project[3E7F569A54D16A35B6FC1471A0D0084DC6B242B3] buildId[Bolt Run - 575f7c40] execution ct: 1
2015-08-24T10:36:39: Adding 1 execution captures to merge queue: 0B06F1A488FB96D65C94D34CCE09C348BEBB953E
2015-08-24T10:36:39: Deleting execution after consolidation: 0B06F1A488FB96D65C94D34CCE09C348BEBB953E
2015-08-24T10:36:39: [9B5D388D5E83B8D239EDFC427097E41517CFCF3B] merge request post processing completed.
2015-08-24T10:36:39: Execution 9B5D388D5E83B8D239EDFC427097E41517CFCF3B pre-aggregation complete in 00:00:00.0143345
2015-08-24T10:36:57: GET http://127.0.0.1:11235/serveravailable.json 200 0,001s 
2015-08-24T10:37:27: GET http://127.0.0.1:11235/serveravailable.json 200 0,001s 
2015-08-24T10:37:57: GET http://127.0.0.1:11235/serveravailable.json 200 0,001s 
2015-08-24T10:38:27: GET http://127.0.0.1:11235/serveravailable.json 200 0,001s 
2015-08-24T10:38:57: GET http://127.0.0.1:11235/serveravailable.json 200 0,000s 
2015-08-24T10:39:27: GET http://127.0.0.1:11235/serveravailable.json 200 0,001s 
2015-08-24T10:39:57: GET http://127.0.0.1:11235/serveravailable.json 200 0,001s 
2015-08-24T10:40:27: GET http://127.0.0.1:11235/serveravailable.json 200 0,001s 
2015-08-24T10:40:57: GET http://127.0.0.1:11235/serveravailable.json 200 0,001s 
2015-08-24T10:41:27: GET http://127.0.0.1:11235/serveravailable.json 200 0,002s 
2015-08-24T10:41:42: Ignoring BoltLoader AppDomain -- [102427288] "BoltLoader-c:\users\r.kutliahmetov\documents\visual studio 2013\projects\redis\bin\debug\redis.exe" [62FA4CAC108857637558B13C01DB36157C427022]
2015-08-24T10:41:42: Launch Static Analysis Module -- [1A5144DABEB4082ADC26A45DB230D6F04F0B1A03] "c:\users\r.kutliahmetov\documents\visual studio 2013\projects\redis\bin\debug\Redis.exe"
2015-08-24T10:41:42: Analysis Confirm: Check for existing Static Capture Hash - Redis.exe ModuleHash[1A5144DABEB4082ADC26A45DB230D6F04F0B1A03] MerkleHash[0000000000000000000000000000000000000000] DocumentHash[7D057745D6FE957369AA1D3430835BE57E370C3C]
2015-08-24T10:41:42: Analysis Confirm: Static Analysis NOT found for Redis.exe by IL hash: ModuleHash[1A5144DABEB4082ADC26A45DB230D6F04F0B1A03] MerkleHash[0000000000000000000000000000000000000000
2015-08-24T10:41:43: Analysis for module required Redis.exe: ModuleHash[1A5144DABEB4082ADC26A45DB230D6F04F0B1A03] MerkleHash[0000000000000000000000000000000000000000]
2015-08-24T10:41:43: Module Load -- Capture[1A5144DABEB4082ADC26A45DB230D6F04F0B1A03] Binary[1A5144DABEB4082ADC26A45DB230D6F04F0B1A03] Merkle[F775EDA86F003F1808CF32855E964B06E84D93D5] Module "c:\users\r.kutliahmetov\documents\visual studio 2013\projects\redis\bin\debug\Redis.exe"
2015-08-24T10:41:43: 2015-08-24T10:41:43.1318710+05:00 AnalysisShutdown RECEIVED:  1A5144DABEB4082ADC26A45DB230D6F04F0B1A03
2015-08-24T10:41:43: Analysis Shutdown -- [1A5144DABEB4082ADC26A45DB230D6F04F0B1A03]
2015-08-24T10:41:43: Static capture finalized -- [1A5144DABEB4082ADC26A45DB230D6F04F0B1A03] - 57 ms
2015-08-24T10:41:43: Captures to be updated because of static analysis -- [1A5144DABEB4082ADC26A45DB230D6F04F0B1A03] - 0
2015-08-24T10:41:43: Executions modified because of static analysis -- [1A5144DABEB4082ADC26A45DB230D6F04F0B1A03] - 0
2015-08-24T10:41:43: AppDomain Execution Started -- [102756480] "Bolt Run - C:\Users\r.kutliahmetov\Documents\Visual Studio 2013\Projects\Redis\bin\Debug\Redis.exe" [DD83B3983870D66F01F8D6C2F6B8AF8A6EAA0ABC]
2015-08-24T10:41:43: Module Load -- Capture[40A1251578FC69704C98AFD46D3684E58D35409D] Binary[1A5144DABEB4082ADC26A45DB230D6F04F0B1A03] Merkle[0000000000000000000000000000000000000000] Module "C:\Users\r.kutliahmetov\Documents\Visual Studio 2013\Projects\Redis\bin\Debug\Redis.exe"
2015-08-24T10:41:43: Launch Static Analysis Module -- [1A5144DABEB4082ADC26A45DB230D6F04F0B1A03] "C:\Users\r.kutliahmetov\Documents\Visual Studio 2013\Projects\Redis\bin\Debug\Redis.exe"
2015-08-24T10:41:43: Analysis Confirm: Check for existing Static Capture Hash - Redis.exe ModuleHash[1A5144DABEB4082ADC26A45DB230D6F04F0B1A03] MerkleHash[0000000000000000000000000000000000000000] DocumentHash[7D057745D6FE957369AA1D3430835BE57E370C3C]
2015-08-24T10:41:43: Analysis Confirm: Static Analysis NOT found for Redis.exe by IL hash: ModuleHash[1A5144DABEB4082ADC26A45DB230D6F04F0B1A03] MerkleHash[0000000000000000000000000000000000000000
2015-08-24T10:41:43: Analysis for module required Redis.exe: ModuleHash[1A5144DABEB4082ADC26A45DB230D6F04F0B1A03] MerkleHash[0000000000000000000000000000000000000000]
2015-08-24T10:41:43: Module Load -- Capture[1A5144DABEB4082ADC26A45DB230D6F04F0B1A03] Binary[1A5144DABEB4082ADC26A45DB230D6F04F0B1A03] Merkle[F775EDA86F003F1808CF32855E964B06E84D93D5] Module "C:\Users\r.kutliahmetov\Documents\Visual Studio 2013\Projects\Redis\bin\Debug\Redis.exe"
2015-08-24T10:41:43: 2015-08-24T10:41:43.8778848+05:00 AnalysisShutdown RECEIVED:  1A5144DABEB4082ADC26A45DB230D6F04F0B1A03
2015-08-24T10:41:43: Analysis Shutdown -- [1A5144DABEB4082ADC26A45DB230D6F04F0B1A03]
2015-08-24T10:41:43: Static capture finalized -- [1A5144DABEB4082ADC26A45DB230D6F04F0B1A03] - 58 ms
2015-08-24T10:41:43: Captures to be updated because of static analysis -- [1A5144DABEB4082ADC26A45DB230D6F04F0B1A03] - 0
2015-08-24T10:41:43: Executions modified because of static analysis -- [1A5144DABEB4082ADC26A45DB230D6F04F0B1A03] - 0
2015-08-24T10:41:43: App Domain shutdown - finalize [DD83B3983870D66F01F8D6C2F6B8AF8A6EAA0ABC] appDomain [Bolt Run - C:\Users\r.kutliahmetov\Documents\Visual Studio 2013\Projects\Redis\bin\Debug\Redis.exe]
2015-08-24T10:41:43: Finalize Execution Loading [DD83B3983870D66F01F8D6C2F6B8AF8A6EAA0ABC] appDomain [Bolt Run - C:\Users\r.kutliahmetov\Documents\Visual Studio 2013\Projects\Redis\bin\Debug\Redis.exe] captures [1]
2015-08-24T10:41:43: Finalize Execution [DD83B3983870D66F01F8D6C2F6B8AF8A6EAA0ABC] Loading Complete appDomain [Bolt Run - C:\Users\r.kutliahmetov\Documents\Visual Studio 2013\Projects\Redis\bin\Debug\Redis.exe]
2015-08-24T10:41:43: Finalize Execution [DD83B3983870D66F01F8D6C2F6B8AF8A6EAA0ABC] -- final execution id [DD83B3983870D66F01F8D6C2F6B8AF8A6EAA0ABC]
2015-08-24T10:41:43: [4B3DA1A8B3BEEF60787E6F970164EB9B47C4B86A]Create merge queue: project[3E7F569A54D16A35B6FC1471A0D0084DC6B242B3] buildId[Bolt Run - ca2cf115] execution ct: 1
2015-08-24T10:41:44: [4B3DA1A8B3BEEF60787E6F970164EB9B47C4B86A]Joining merge queue: project[3E7F569A54D16A35B6FC1471A0D0084DC6B242B3] buildId[Bolt Run - ca2cf115] execution ct: 1
2015-08-24T10:41:44: Adding 1 execution captures to merge queue: DD83B3983870D66F01F8D6C2F6B8AF8A6EAA0ABC
2015-08-24T10:41:44: Deleting execution after consolidation: DD83B3983870D66F01F8D6C2F6B8AF8A6EAA0ABC
2015-08-24T10:41:44: [4B3DA1A8B3BEEF60787E6F970164EB9B47C4B86A] merge request post processing completed.
2015-08-24T10:41:44: Execution 4B3DA1A8B3BEEF60787E6F970164EB9B47C4B86A pre-aggregation complete in 00:00:00.0102069
2015-08-24T10:41:57: GET http://127.0.0.1:11235/serveravailable.json 200 0,001s 
2015-08-24T10:42:28: GET http://127.0.0.1:11235/serveravailable.json 200 0,001s 
2015-08-24T10:42:58: GET http://127.0.0.1:11235/serveravailable.json 200 0,001s 
2015-08-24T10:43:28: GET http://127.0.0.1:11235/serveravailable.json 200 0,002s 
2015-08-24T10:43:58: GET http://127.0.0.1:11235/serveravailable.json 200 0,001s 
2015-08-24T10:44:17: Ignoring BoltLoader AppDomain -- [103331856] "BoltLoader-c:\users\r.kutliahmetov\documents\visual studio 2013\projects\redis\bin\debug\redis.exe" [62FA4CAC108857637558B13C01DB36157C427022]
2015-08-24T10:44:17: Launch Static Analysis Module -- [62B8F219EAF9EE178F3DFDB7FBDFCE34FAC215D1] "c:\users\r.kutliahmetov\documents\visual studio 2013\projects\redis\bin\debug\Redis.exe"
2015-08-24T10:44:17: Analysis Confirm: Check for existing Static Capture Hash - Redis.exe ModuleHash[62B8F219EAF9EE178F3DFDB7FBDFCE34FAC215D1] MerkleHash[0000000000000000000000000000000000000000] DocumentHash[27DCDB6E4C09C5A272FA9C677E5021BBC02B737E]
2015-08-24T10:44:17: Analysis Confirm: Static Analysis NOT found for Redis.exe by IL hash: ModuleHash[62B8F219EAF9EE178F3DFDB7FBDFCE34FAC215D1] MerkleHash[0000000000000000000000000000000000000000
2015-08-24T10:44:17: Analysis for module required Redis.exe: ModuleHash[62B8F219EAF9EE178F3DFDB7FBDFCE34FAC215D1] MerkleHash[0000000000000000000000000000000000000000]
2015-08-24T10:44:17: Module Load -- Capture[62B8F219EAF9EE178F3DFDB7FBDFCE34FAC215D1] Binary[62B8F219EAF9EE178F3DFDB7FBDFCE34FAC215D1] Merkle[38AC3C56C6791AF3286395120BD94AF2C94584BA] Module "c:\users\r.kutliahmetov\documents\visual studio 2013\projects\redis\bin\debug\Redis.exe"
2015-08-24T10:44:17: 2015-08-24T10:44:17.7747338+05:00 AnalysisShutdown RECEIVED:  62B8F219EAF9EE178F3DFDB7FBDFCE34FAC215D1
2015-08-24T10:44:17: Analysis Shutdown -- [62B8F219EAF9EE178F3DFDB7FBDFCE34FAC215D1]
2015-08-24T10:44:17: Static capture finalized -- [62B8F219EAF9EE178F3DFDB7FBDFCE34FAC215D1] - 45 ms
2015-08-24T10:44:17: Captures to be updated because of static analysis -- [62B8F219EAF9EE178F3DFDB7FBDFCE34FAC215D1] - 0
2015-08-24T10:44:17: Executions modified because of static analysis -- [62B8F219EAF9EE178F3DFDB7FBDFCE34FAC215D1] - 0
2015-08-24T10:44:18: AppDomain Execution Started -- [102597544] "Bolt Run - c:\users\r.kutliahmetov\documents\visual studio 2013\projects\redis\bin\debug\redis.exe" [B46D1288372156A61697369990579BBB054C916A]
2015-08-24T10:44:18: Module Load -- Capture[C20F603B37D7D69C385F499FC3CF11709DB3E5E3] Binary[62B8F219EAF9EE178F3DFDB7FBDFCE34FAC215D1] Merkle[0000000000000000000000000000000000000000] Module "c:\users\r.kutliahmetov\documents\visual studio 2013\projects\redis\bin\debug\Redis.exe"
2015-08-24T10:44:18: Launch Static Analysis Module -- [62B8F219EAF9EE178F3DFDB7FBDFCE34FAC215D1] "c:\users\r.kutliahmetov\documents\visual studio 2013\projects\redis\bin\debug\Redis.exe"
2015-08-24T10:44:18: Analysis Confirm: Check for existing Static Capture Hash - Redis.exe ModuleHash[62B8F219EAF9EE178F3DFDB7FBDFCE34FAC215D1] MerkleHash[0000000000000000000000000000000000000000] DocumentHash[27DCDB6E4C09C5A272FA9C677E5021BBC02B737E]
2015-08-24T10:44:18: Analysis Confirm: Static Analysis NOT found for Redis.exe by IL hash: ModuleHash[62B8F219EAF9EE178F3DFDB7FBDFCE34FAC215D1] MerkleHash[0000000000000000000000000000000000000000
2015-08-24T10:44:18: Analysis for module required Redis.exe: ModuleHash[62B8F219EAF9EE178F3DFDB7FBDFCE34FAC215D1] MerkleHash[0000000000000000000000000000000000000000]
2015-08-24T10:44:18: Module Load -- Capture[62B8F219EAF9EE178F3DFDB7FBDFCE34FAC215D1] Binary[62B8F219EAF9EE178F3DFDB7FBDFCE34FAC215D1] Merkle[38AC3C56C6791AF3286395120BD94AF2C94584BA] Module "c:\users\r.kutliahmetov\documents\visual studio 2013\projects\redis\bin\debug\Redis.exe"
2015-08-24T10:44:18: 2015-08-24T10:44:18.4660793+05:00 AnalysisShutdown RECEIVED:  62B8F219EAF9EE178F3DFDB7FBDFCE34FAC215D1
2015-08-24T10:44:18: Analysis Shutdown -- [62B8F219EAF9EE178F3DFDB7FBDFCE34FAC215D1]
2015-08-24T10:44:18: Static capture finalized -- [62B8F219EAF9EE178F3DFDB7FBDFCE34FAC215D1] - 97 ms
2015-08-24T10:44:18: Captures to be updated because of static analysis -- [62B8F219EAF9EE178F3DFDB7FBDFCE34FAC215D1] - 0
2015-08-24T10:44:18: Executions modified because of static analysis -- [62B8F219EAF9EE178F3DFDB7FBDFCE34FAC215D1] - 0
2015-08-24T10:44:18: App Domain shutdown - finalize [B46D1288372156A61697369990579BBB054C916A] appDomain [Bolt Run - c:\users\r.kutliahmetov\documents\visual studio 2013\projects\redis\bin\debug\redis.exe]
2015-08-24T10:44:18: Finalize Execution Loading [B46D1288372156A61697369990579BBB054C916A] appDomain [Bolt Run - c:\users\r.kutliahmetov\documents\visual studio 2013\projects\redis\bin\debug\redis.exe] captures [1]
2015-08-24T10:44:22: Finalize Execution [B46D1288372156A61697369990579BBB054C916A] Loading Complete appDomain [Bolt Run - c:\users\r.kutliahmetov\documents\visual studio 2013\projects\redis\bin\debug\redis.exe]
2015-08-24T10:44:22: Finalize Execution [B46D1288372156A61697369990579BBB054C916A] -- final execution id [B46D1288372156A61697369990579BBB054C916A]
2015-08-24T10:44:22: [C167FE9AB998DD02FA63103AF28765F2EE1F53A4]Create merge queue: project[3E7F569A54D16A35B6FC1471A0D0084DC6B242B3] buildId[Bolt Run - 109296b1] execution ct: 1
2015-08-24T10:44:22: [C167FE9AB998DD02FA63103AF28765F2EE1F53A4]Joining merge queue: project[3E7F569A54D16A35B6FC1471A0D0084DC6B242B3] buildId[Bolt Run - 109296b1] execution ct: 1
2015-08-24T10:44:22: Adding 1 execution captures to merge queue: B46D1288372156A61697369990579BBB054C916A
2015-08-24T10:44:22: Deleting execution after consolidation: B46D1288372156A61697369990579BBB054C916A
2015-08-24T10:44:22: [C167FE9AB998DD02FA63103AF28765F2EE1F53A4] merge request post processing completed.
2015-08-24T10:44:22: Execution C167FE9AB998DD02FA63103AF28765F2EE1F53A4 pre-aggregation complete in 00:00:00.0114650
2015-08-24T10:44:28: GET http://127.0.0.1:11235/serveravailable.json 200 0,001s 
2015-08-24T10:44:58: GET http://127.0.0.1:11235/serveravailable.json 200 0,001s 
2015-08-24T10:45:28: GET http://127.0.0.1:11235/serveravailable.json 200 0,001s 
2015-08-24T10:45:37: AppDomain Execution Started -- [103518072] "Bolt Run - c:\users\r.kutliahmetov\documents\visual studio 2013\projects\redis\bin\debug\redis.exe" [FAB056687D8483354DF991C990923882BAE455CF]
2015-08-24T10:45:37: Module Load -- Capture[0AB8872C4A2436C44418173FFA8D1DAF6DF13EF0] Binary[62B8F219EAF9EE178F3DFDB7FBDFCE34FAC215D1] Merkle[0000000000000000000000000000000000000000] Module "c:\users\r.kutliahmetov\documents\visual studio 2013\projects\redis\bin\debug\Redis.exe"
2015-08-24T10:45:37: Launch Static Analysis Module -- [62B8F219EAF9EE178F3DFDB7FBDFCE34FAC215D1] "c:\users\r.kutliahmetov\documents\visual studio 2013\projects\redis\bin\debug\Redis.exe"
2015-08-24T10:45:37: Analysis Confirm: Check for existing Static Capture Hash - Redis.exe ModuleHash[62B8F219EAF9EE178F3DFDB7FBDFCE34FAC215D1] MerkleHash[0000000000000000000000000000000000000000] DocumentHash[27DCDB6E4C09C5A272FA9C677E5021BBC02B737E]
2015-08-24T10:45:37: Analysis Confirm: Static Analysis NOT found for Redis.exe by IL hash: ModuleHash[62B8F219EAF9EE178F3DFDB7FBDFCE34FAC215D1] MerkleHash[0000000000000000000000000000000000000000
2015-08-24T10:45:37: Analysis for module required Redis.exe: ModuleHash[62B8F219EAF9EE178F3DFDB7FBDFCE34FAC215D1] MerkleHash[0000000000000000000000000000000000000000]
2015-08-24T10:45:37: Module Load -- Capture[62B8F219EAF9EE178F3DFDB7FBDFCE34FAC215D1] Binary[62B8F219EAF9EE178F3DFDB7FBDFCE34FAC215D1] Merkle[38AC3C56C6791AF3286395120BD94AF2C94584BA] Module "c:\users\r.kutliahmetov\documents\visual studio 2013\projects\redis\bin\debug\Redis.exe"
2015-08-24T10:45:37: 2015-08-24T10:45:37.4586455+05:00 AnalysisShutdown RECEIVED:  62B8F219EAF9EE178F3DFDB7FBDFCE34FAC215D1
2015-08-24T10:45:37: Analysis Shutdown -- [62B8F219EAF9EE178F3DFDB7FBDFCE34FAC215D1]
2015-08-24T10:45:37: Static capture finalized -- [62B8F219EAF9EE178F3DFDB7FBDFCE34FAC215D1] - 55 ms
2015-08-24T10:45:37: Captures to be updated because of static analysis -- [62B8F219EAF9EE178F3DFDB7FBDFCE34FAC215D1] - 0
2015-08-24T10:45:37: Executions modified because of static analysis -- [62B8F219EAF9EE178F3DFDB7FBDFCE34FAC215D1] - 0
2015-08-24T10:45:55: App Domain shutdown - finalize [FAB056687D8483354DF991C990923882BAE455CF] appDomain [Bolt Run - c:\users\r.kutliahmetov\documents\visual studio 2013\projects\redis\bin\debug\redis.exe]
2015-08-24T10:45:55: Finalize Execution Loading [FAB056687D8483354DF991C990923882BAE455CF] appDomain [Bolt Run - c:\users\r.kutliahmetov\documents\visual studio 2013\projects\redis\bin\debug\redis.exe] captures [1]
2015-08-24T10:45:55: Finalize Execution [FAB056687D8483354DF991C990923882BAE455CF] Loading Complete appDomain [Bolt Run - c:\users\r.kutliahmetov\documents\visual studio 2013\projects\redis\bin\debug\redis.exe]
2015-08-24T10:45:55: Finalize Execution [FAB056687D8483354DF991C990923882BAE455CF] -- final execution id [FAB056687D8483354DF991C990923882BAE455CF]
2015-08-24T10:45:55: [0D2AE84D3BBB10E5A9E587AD8EE99F0AD8C099A3]Create merge queue: project[3E7F569A54D16A35B6FC1471A0D0084DC6B242B3] buildId[Bolt Run - 3c025159] execution ct: 1
2015-08-24T10:45:55: [0D2AE84D3BBB10E5A9E587AD8EE99F0AD8C099A3]Joining merge queue: project[3E7F569A54D16A35B6FC1471A0D0084DC6B242B3] buildId[Bolt Run - 3c025159] execution ct: 1
2015-08-24T10:45:55: Adding 1 execution captures to merge queue: FAB056687D8483354DF991C990923882BAE455CF
2015-08-24T10:45:55: Deleting execution after consolidation: FAB056687D8483354DF991C990923882BAE455CF
2015-08-24T10:45:55: [0D2AE84D3BBB10E5A9E587AD8EE99F0AD8C099A3] merge request post processing completed.
2015-08-24T10:45:55: Execution 0D2AE84D3BBB10E5A9E587AD8EE99F0AD8C099A3 pre-aggregation complete in 00:00:00.0143558
2015-08-24T10:45:58: GET http://127.0.0.1:11235/serveravailable.json 200 0,000s 
2015-08-24T10:46:28: GET http://127.0.0.1:11235/serveravailable.json 200 0,001s 
2015-08-24T10:46:58: GET http://127.0.0.1:11235/serveravailable.json 200 0,001s 
2015-08-24T10:47:28: GET http://127.0.0.1:11235/serveravailable.json 200 0,001s 
2015-08-24T10:47:58: GET http://127.0.0.1:11235/serveravailable.json 200 0,001s 
2015-08-24T10:48:28: GET http://127.0.0.1:11235/serveravailable.json 200 0,002s 
2015-08-24T10:48:58: GET http://127.0.0.1:11235/serveravailable.json 200 0,001s 
2015-08-24T10:49:28: GET http://127.0.0.1:11235/serveravailable.json 200 0,001s 
2015-08-24T10:49:58: GET http://127.0.0.1:11235/serveravailable.json 200 0,001s 
2015-08-24T10:50:28: GET http://127.0.0.1:11235/serveravailable.json 200 0,001s 
2015-08-24T10:50:58: GET http://127.0.0.1:11235/serveravailable.json 200 0,001s 
2015-08-24T10:51:28: GET http://127.0.0.1:11235/serveravailable.json 200 0,001s 
2015-08-24T10:51:58: GET http://127.0.0.1:11235/serveravailable.json 200 0,001s 
2015-08-24T10:52:28: GET http://127.0.0.1:11235/serveravailable.json 200 0,001s 
2015-08-24T10:52:58: GET http://127.0.0.1:11235/serveravailable.json 200 0,001s 
2015-08-24T10:53:28: GET http://127.0.0.1:11235/serveravailable.json 200 0,001s 
2015-08-24T10:53:58: GET http://127.0.0.1:11235/serveravailable.json 200 0,001s 
2015-08-24T10:54:28: GET http://127.0.0.1:11235/serveravailable.json 200 0,001s 
2015-08-24T10:54:58: GET http://127.0.0.1:11235/serveravailable.json 200 0,001s 
2015-08-24T10:55:28: GET http://127.0.0.1:11235/serveravailable.json 200 0,001s 
2015-08-24T10:55:47: Ignoring BoltLoader AppDomain -- [103515688] "BoltLoader-c:\users\r.kutliahmetov\documents\visual studio 2013\projects\redis\bin\debug\redis.exe" [62FA4CAC108857637558B13C01DB36157C427022]
2015-08-24T10:55:47: Launch Static Analysis Module -- [B2568D9F07AA449A8DFEED127E6D45CC395CEF4E] "c:\users\r.kutliahmetov\documents\visual studio 2013\projects\redis\bin\debug\Redis.exe"
2015-08-24T10:55:47: Analysis Confirm: Check for existing Static Capture Hash - Redis.exe ModuleHash[B2568D9F07AA449A8DFEED127E6D45CC395CEF4E] MerkleHash[0000000000000000000000000000000000000000] DocumentHash[8074AC523D39711F48C7C32D454A0894E31F95BF]
2015-08-24T10:55:47: Analysis Confirm: Static Analysis NOT found for Redis.exe by IL hash: ModuleHash[B2568D9F07AA449A8DFEED127E6D45CC395CEF4E] MerkleHash[0000000000000000000000000000000000000000
2015-08-24T10:55:47: Analysis for module required Redis.exe: ModuleHash[B2568D9F07AA449A8DFEED127E6D45CC395CEF4E] MerkleHash[0000000000000000000000000000000000000000]
2015-08-24T10:55:47: Module Load -- Capture[B2568D9F07AA449A8DFEED127E6D45CC395CEF4E] Binary[B2568D9F07AA449A8DFEED127E6D45CC395CEF4E] Merkle[BCDA3DA9F66C736FB659392654FDE40359AB26A8] Module "c:\users\r.kutliahmetov\documents\visual studio 2013\projects\redis\bin\debug\Redis.exe"
2015-08-24T10:55:47: 2015-08-24T10:55:47.9552311+05:00 AnalysisShutdown RECEIVED:  B2568D9F07AA449A8DFEED127E6D45CC395CEF4E
2015-08-24T10:55:47: Analysis Shutdown -- [B2568D9F07AA449A8DFEED127E6D45CC395CEF4E]
2015-08-24T10:55:48: Static capture finalized -- [B2568D9F07AA449A8DFEED127E6D45CC395CEF4E] - 66 ms
2015-08-24T10:55:48: Captures to be updated because of static analysis -- [B2568D9F07AA449A8DFEED127E6D45CC395CEF4E] - 0
2015-08-24T10:55:48: Executions modified because of static analysis -- [B2568D9F07AA449A8DFEED127E6D45CC395CEF4E] - 0
2015-08-24T10:55:48: AppDomain Execution Started -- [102459464] "Bolt Run - c:\users\r.kutliahmetov\documents\visual studio 2013\projects\redis\bin\debug\redis.exe" [3D821716817458968C56A709DDDE3476AE2A9CDD]
2015-08-24T10:55:48: Module Load -- Capture[5D2D9CFBE9FB571F2A4F261485128EB8FC79BC04] Binary[B2568D9F07AA449A8DFEED127E6D45CC395CEF4E] Merkle[0000000000000000000000000000000000000000] Module "c:\users\r.kutliahmetov\documents\visual studio 2013\projects\redis\bin\debug\Redis.exe"
2015-08-24T10:55:48: Launch Static Analysis Module -- [B2568D9F07AA449A8DFEED127E6D45CC395CEF4E] "c:\users\r.kutliahmetov\documents\visual studio 2013\projects\redis\bin\debug\Redis.exe"
2015-08-24T10:55:48: Analysis Confirm: Check for existing Static Capture Hash - Redis.exe ModuleHash[B2568D9F07AA449A8DFEED127E6D45CC395CEF4E] MerkleHash[0000000000000000000000000000000000000000] DocumentHash[8074AC523D39711F48C7C32D454A0894E31F95BF]
2015-08-24T10:55:48: Analysis Confirm: Static Analysis NOT found for Redis.exe by IL hash: ModuleHash[B2568D9F07AA449A8DFEED127E6D45CC395CEF4E] MerkleHash[0000000000000000000000000000000000000000
2015-08-24T10:55:48: Analysis for module required Redis.exe: ModuleHash[B2568D9F07AA449A8DFEED127E6D45CC395CEF4E] MerkleHash[0000000000000000000000000000000000000000]
2015-08-24T10:55:48: Module Load -- Capture[B2568D9F07AA449A8DFEED127E6D45CC395CEF4E] Binary[B2568D9F07AA449A8DFEED127E6D45CC395CEF4E] Merkle[BCDA3DA9F66C736FB659392654FDE40359AB26A8] Module "c:\users\r.kutliahmetov\documents\visual studio 2013\projects\redis\bin\debug\Redis.exe"
2015-08-24T10:55:48: 2015-08-24T10:55:48.5952631+05:00 AnalysisShutdown RECEIVED:  B2568D9F07AA449A8DFEED127E6D45CC395CEF4E
2015-08-24T10:55:48: Analysis Shutdown -- [B2568D9F07AA449A8DFEED127E6D45CC395CEF4E]
2015-08-24T10:55:48: Static capture finalized -- [B2568D9F07AA449A8DFEED127E6D45CC395CEF4E] - 55 ms
2015-08-24T10:55:48: Captures to be updated because of static analysis -- [B2568D9F07AA449A8DFEED127E6D45CC395CEF4E] - 0
2015-08-24T10:55:48: Executions modified because of static analysis -- [B2568D9F07AA449A8DFEED127E6D45CC395CEF4E] - 0
2015-08-24T10:55:53: App Domain shutdown - finalize [3D821716817458968C56A709DDDE3476AE2A9CDD] appDomain [Bolt Run - c:\users\r.kutliahmetov\documents\visual studio 2013\projects\redis\bin\debug\redis.exe]
2015-08-24T10:55:53: Finalize Execution Loading [3D821716817458968C56A709DDDE3476AE2A9CDD] appDomain [Bolt Run - c:\users\r.kutliahmetov\documents\visual studio 2013\projects\redis\bin\debug\redis.exe] captures [1]
2015-08-24T10:55:53: Finalize Execution [3D821716817458968C56A709DDDE3476AE2A9CDD] Loading Complete appDomain [Bolt Run - c:\users\r.kutliahmetov\documents\visual studio 2013\projects\redis\bin\debug\redis.exe]
2015-08-24T10:55:53: Finalize Execution [3D821716817458968C56A709DDDE3476AE2A9CDD] -- final execution id [3D821716817458968C56A709DDDE3476AE2A9CDD]
2015-08-24T10:55:53: [F7F156243EA277D8B02C97DD69E6E2BE1D1B9751]Create merge queue: project[3E7F569A54D16A35B6FC1471A0D0084DC6B242B3] buildId[Bolt Run - f0dca1cb] execution ct: 1
2015-08-24T10:55:53: [F7F156243EA277D8B02C97DD69E6E2BE1D1B9751]Joining merge queue: project[3E7F569A54D16A35B6FC1471A0D0084DC6B242B3] buildId[Bolt Run - f0dca1cb] execution ct: 1
2015-08-24T10:55:53: Adding 1 execution captures to merge queue: 3D821716817458968C56A709DDDE3476AE2A9CDD
2015-08-24T10:55:53: Deleting execution after consolidation: 3D821716817458968C56A709DDDE3476AE2A9CDD
2015-08-24T10:55:53: [F7F156243EA277D8B02C97DD69E6E2BE1D1B9751] merge request post processing completed.
2015-08-24T10:55:53: Execution F7F156243EA277D8B02C97DD69E6E2BE1D1B9751 pre-aggregation complete in 00:00:00.0101718
2015-08-24T10:55:58: GET http://127.0.0.1:11235/serveravailable.json 200 0,003s 
2015-08-24T10:56:28: GET http://127.0.0.1:11235/serveravailable.json 200 0,001s 
2015-08-24T10:56:34: Ignoring BoltLoader AppDomain -- [104153368] "BoltLoader-c:\users\r.kutliahmetov\documents\visual studio 2013\projects\redis\bin\debug\redis.exe" [62FA4CAC108857637558B13C01DB36157C427022]
2015-08-24T10:56:34: Launch Static Analysis Module -- [ACD0CA8DE05AD64660CA78D3ACAA5BCECAD5E207] "c:\users\r.kutliahmetov\documents\visual studio 2013\projects\redis\bin\debug\Redis.exe"
2015-08-24T10:56:34: Analysis Confirm: Check for existing Static Capture Hash - Redis.exe ModuleHash[ACD0CA8DE05AD64660CA78D3ACAA5BCECAD5E207] MerkleHash[0000000000000000000000000000000000000000] DocumentHash[0C22F602337098806EE7ABABCCDF01E3817A4EC0]
2015-08-24T10:56:34: Analysis Confirm: Static Analysis NOT found for Redis.exe by IL hash: ModuleHash[ACD0CA8DE05AD64660CA78D3ACAA5BCECAD5E207] MerkleHash[0000000000000000000000000000000000000000
2015-08-24T10:56:34: Analysis for module required Redis.exe: ModuleHash[ACD0CA8DE05AD64660CA78D3ACAA5BCECAD5E207] MerkleHash[0000000000000000000000000000000000000000]
2015-08-24T10:56:34: Module Load -- Capture[ACD0CA8DE05AD64660CA78D3ACAA5BCECAD5E207] Binary[ACD0CA8DE05AD64660CA78D3ACAA5BCECAD5E207] Merkle[E4330E87B89E5E26BD717B9E91FD0DCE1C37B6F5] Module "c:\users\r.kutliahmetov\documents\visual studio 2013\projects\redis\bin\debug\Redis.exe"
2015-08-24T10:56:34: 2015-08-24T10:56:34.5329907+05:00 AnalysisShutdown RECEIVED:  ACD0CA8DE05AD64660CA78D3ACAA5BCECAD5E207
2015-08-24T10:56:34: Analysis Shutdown -- [ACD0CA8DE05AD64660CA78D3ACAA5BCECAD5E207]
2015-08-24T10:56:34: Static capture finalized -- [ACD0CA8DE05AD64660CA78D3ACAA5BCECAD5E207] - 49 ms
2015-08-24T10:56:34: Captures to be updated because of static analysis -- [ACD0CA8DE05AD64660CA78D3ACAA5BCECAD5E207] - 0
2015-08-24T10:56:34: Executions modified because of static analysis -- [ACD0CA8DE05AD64660CA78D3ACAA5BCECAD5E207] - 0
2015-08-24T10:56:34: AppDomain Execution Started -- [102756480] "Bolt Run - c:\users\r.kutliahmetov\documents\visual studio 2013\projects\redis\bin\debug\redis.exe" [67FF3DDF6660E0381576E2698C425D5659A2BBDF]
2015-08-24T10:56:34: Module Load -- Capture[C4AB18F71711A69705AC5D93F47B4ACEAE77CD8B] Binary[ACD0CA8DE05AD64660CA78D3ACAA5BCECAD5E207] Merkle[0000000000000000000000000000000000000000] Module "c:\users\r.kutliahmetov\documents\visual studio 2013\projects\redis\bin\debug\Redis.exe"
2015-08-24T10:56:34: Launch Static Analysis Module -- [ACD0CA8DE05AD64660CA78D3ACAA5BCECAD5E207] "c:\users\r.kutliahmetov\documents\visual studio 2013\projects\redis\bin\debug\Redis.exe"
2015-08-24T10:56:34: Analysis Confirm: Check for existing Static Capture Hash - Redis.exe ModuleHash[ACD0CA8DE05AD64660CA78D3ACAA5BCECAD5E207] MerkleHash[0000000000000000000000000000000000000000] DocumentHash[0C22F602337098806EE7ABABCCDF01E3817A4EC0]
2015-08-24T10:56:34: Analysis Confirm: Static Analysis NOT found for Redis.exe by IL hash: ModuleHash[ACD0CA8DE05AD64660CA78D3ACAA5BCECAD5E207] MerkleHash[0000000000000000000000000000000000000000
2015-08-24T10:56:35: Analysis for module required Redis.exe: ModuleHash[ACD0CA8DE05AD64660CA78D3ACAA5BCECAD5E207] MerkleHash[0000000000000000000000000000000000000000]
2015-08-24T10:56:35: Module Load -- Capture[ACD0CA8DE05AD64660CA78D3ACAA5BCECAD5E207] Binary[ACD0CA8DE05AD64660CA78D3ACAA5BCECAD5E207] Merkle[E4330E87B89E5E26BD717B9E91FD0DCE1C37B6F5] Module "c:\users\r.kutliahmetov\documents\visual studio 2013\projects\redis\bin\debug\Redis.exe"
2015-08-24T10:56:35: 2015-08-24T10:56:35.1330207+05:00 AnalysisShutdown RECEIVED:  ACD0CA8DE05AD64660CA78D3ACAA5BCECAD5E207
2015-08-24T10:56:35: Analysis Shutdown -- [ACD0CA8DE05AD64660CA78D3ACAA5BCECAD5E207]
2015-08-24T10:56:35: Static capture finalized -- [ACD0CA8DE05AD64660CA78D3ACAA5BCECAD5E207] - 60 ms
2015-08-24T10:56:35: Captures to be updated because of static analysis -- [ACD0CA8DE05AD64660CA78D3ACAA5BCECAD5E207] - 0
2015-08-24T10:56:35: Executions modified because of static analysis -- [ACD0CA8DE05AD64660CA78D3ACAA5BCECAD5E207] - 0
2015-08-24T10:56:41: App Domain shutdown - finalize [67FF3DDF6660E0381576E2698C425D5659A2BBDF] appDomain [Bolt Run - c:\users\r.kutliahmetov\documents\visual studio 2013\projects\redis\bin\debug\redis.exe]
2015-08-24T10:56:41: Finalize Execution Loading [67FF3DDF6660E0381576E2698C425D5659A2BBDF] appDomain [Bolt Run - c:\users\r.kutliahmetov\documents\visual studio 2013\projects\redis\bin\debug\redis.exe] captures [1]
2015-08-24T10:56:41: Finalize Execution [67FF3DDF6660E0381576E2698C425D5659A2BBDF] Loading Complete appDomain [Bolt Run - c:\users\r.kutliahmetov\documents\visual studio 2013\projects\redis\bin\debug\redis.exe]
2015-08-24T10:56:41: Finalize Execution [67FF3DDF6660E0381576E2698C425D5659A2BBDF] -- final execution id [67FF3DDF6660E0381576E2698C425D5659A2BBDF]
2015-08-24T10:56:41: [3207E87C67B63B3FC903110FB3FB80EE5A1836ED]Create merge queue: project[3E7F569A54D16A35B6FC1471A0D0084DC6B242B3] buildId[Bolt Run - e0b3abef] execution ct: 1
2015-08-24T10:56:41: [3207E87C67B63B3FC903110FB3FB80EE5A1836ED]Joining merge queue: project[3E7F569A54D16A35B6FC1471A0D0084DC6B242B3] buildId[Bolt Run - e0b3abef] execution ct: 1
2015-08-24T10:56:41: Adding 1 execution captures to merge queue: 67FF3DDF6660E0381576E2698C425D5659A2BBDF
2015-08-24T10:56:41: Deleting execution after consolidation: 67FF3DDF6660E0381576E2698C425D5659A2BBDF
2015-08-24T10:56:41: [3207E87C67B63B3FC903110FB3FB80EE5A1836ED] merge request post processing completed.
2015-08-24T10:56:41: Execution 3207E87C67B63B3FC903110FB3FB80EE5A1836ED pre-aggregation complete in 00:00:00.0112492
2015-08-24T10:56:46: Ignoring BoltLoader AppDomain -- [102459464] "BoltLoader-c:\users\r.kutliahmetov\documents\visual studio 2013\projects\redis\bin\debug\redis.exe" [62FA4CAC108857637558B13C01DB36157C427022]
2015-08-24T10:56:47: Launch Static Analysis Module -- [4EE3DFA2C9F6A55B65E1DFB50AF1CB2B2D602E52] "c:\users\r.kutliahmetov\documents\visual studio 2013\projects\redis\bin\debug\Redis.exe"
2015-08-24T10:56:47: Analysis Confirm: Check for existing Static Capture Hash - Redis.exe ModuleHash[4EE3DFA2C9F6A55B65E1DFB50AF1CB2B2D602E52] MerkleHash[0000000000000000000000000000000000000000] DocumentHash[77F503D52D65026407F81467C0D76BDF0C6CB2B8]
2015-08-24T10:56:47: Analysis Confirm: Static Analysis NOT found for Redis.exe by IL hash: ModuleHash[4EE3DFA2C9F6A55B65E1DFB50AF1CB2B2D602E52] MerkleHash[0000000000000000000000000000000000000000
2015-08-24T10:56:47: Analysis for module required Redis.exe: ModuleHash[4EE3DFA2C9F6A55B65E1DFB50AF1CB2B2D602E52] MerkleHash[0000000000000000000000000000000000000000]
2015-08-24T10:56:47: Module Load -- Capture[4EE3DFA2C9F6A55B65E1DFB50AF1CB2B2D602E52] Binary[4EE3DFA2C9F6A55B65E1DFB50AF1CB2B2D602E52] Merkle[6720A60AFC7D3E1FB5BA518050F6D45747C638F3] Module "c:\users\r.kutliahmetov\documents\visual studio 2013\projects\redis\bin\debug\Redis.exe"
2015-08-24T10:56:47: 2015-08-24T10:56:47.1646413+05:00 AnalysisShutdown RECEIVED:  4EE3DFA2C9F6A55B65E1DFB50AF1CB2B2D602E52
2015-08-24T10:56:47: Analysis Shutdown -- [4EE3DFA2C9F6A55B65E1DFB50AF1CB2B2D602E52]
2015-08-24T10:56:47: Static capture finalized -- [4EE3DFA2C9F6A55B65E1DFB50AF1CB2B2D602E52] - 102 ms
2015-08-24T10:56:47: Captures to be updated because of static analysis -- [4EE3DFA2C9F6A55B65E1DFB50AF1CB2B2D602E52] - 0
2015-08-24T10:56:47: Executions modified because of static analysis -- [4EE3DFA2C9F6A55B65E1DFB50AF1CB2B2D602E52] - 0
2015-08-24T10:56:47: AppDomain Execution Started -- [102427288] "Bolt Run - c:\users\r.kutliahmetov\documents\visual studio 2013\projects\redis\bin\debug\redis.exe" [F2B8A7EDB2C32093A5A133CE4AE313E29F896F10]
2015-08-24T10:56:47: Module Load -- Capture[DBE044C69AD14C915BF2092FAD7D1EE303AC9057] Binary[4EE3DFA2C9F6A55B65E1DFB50AF1CB2B2D602E52] Merkle[0000000000000000000000000000000000000000] Module "c:\users\r.kutliahmetov\documents\visual studio 2013\projects\redis\bin\debug\Redis.exe"
2015-08-24T10:56:47: Launch Static Analysis Module -- [4EE3DFA2C9F6A55B65E1DFB50AF1CB2B2D602E52] "c:\users\r.kutliahmetov\documents\visual studio 2013\projects\redis\bin\debug\Redis.exe"
2015-08-24T10:56:47: Analysis Confirm: Check for existing Static Capture Hash - Redis.exe ModuleHash[4EE3DFA2C9F6A55B65E1DFB50AF1CB2B2D602E52] MerkleHash[0000000000000000000000000000000000000000] DocumentHash[77F503D52D65026407F81467C0D76BDF0C6CB2B8]
2015-08-24T10:56:47: Analysis Confirm: Static Analysis NOT found for Redis.exe by IL hash: ModuleHash[4EE3DFA2C9F6A55B65E1DFB50AF1CB2B2D602E52] MerkleHash[0000000000000000000000000000000000000000
2015-08-24T10:56:47: Analysis for module required Redis.exe: ModuleHash[4EE3DFA2C9F6A55B65E1DFB50AF1CB2B2D602E52] MerkleHash[0000000000000000000000000000000000000000]
2015-08-24T10:56:47: Module Load -- Capture[4EE3DFA2C9F6A55B65E1DFB50AF1CB2B2D602E52] Binary[4EE3DFA2C9F6A55B65E1DFB50AF1CB2B2D602E52] Merkle[6720A60AFC7D3E1FB5BA518050F6D45747C638F3] Module "c:\users\r.kutliahmetov\documents\visual studio 2013\projects\redis\bin\debug\Redis.exe"
2015-08-24T10:56:47: 2015-08-24T10:56:47.7656714+05:00 AnalysisShutdown RECEIVED:  4EE3DFA2C9F6A55B65E1DFB50AF1CB2B2D602E52
2015-08-24T10:56:47: Analysis Shutdown -- [4EE3DFA2C9F6A55B65E1DFB50AF1CB2B2D602E52]
2015-08-24T10:56:47: Static capture finalized -- [4EE3DFA2C9F6A55B65E1DFB50AF1CB2B2D602E52] - 92 ms
2015-08-24T10:56:47: Captures to be updated because of static analysis -- [4EE3DFA2C9F6A55B65E1DFB50AF1CB2B2D602E52] - 0
2015-08-24T10:56:47: Executions modified because of static analysis -- [4EE3DFA2C9F6A55B65E1DFB50AF1CB2B2D602E52] - 0
2015-08-24T10:56:47: App Domain shutdown - finalize [F2B8A7EDB2C32093A5A133CE4AE313E29F896F10] appDomain [Bolt Run - c:\users\r.kutliahmetov\documents\visual studio 2013\projects\redis\bin\debug\redis.exe]
2015-08-24T10:56:47: Finalize Execution Loading [F2B8A7EDB2C32093A5A133CE4AE313E29F896F10] appDomain [Bolt Run - c:\users\r.kutliahmetov\documents\visual studio 2013\projects\redis\bin\debug\redis.exe] captures [1]
2015-08-24T10:56:47: Finalize Execution [F2B8A7EDB2C32093A5A133CE4AE313E29F896F10] Loading Complete appDomain [Bolt Run - c:\users\r.kutliahmetov\documents\visual studio 2013\projects\redis\bin\debug\redis.exe]
2015-08-24T10:56:47: Finalize Execution [F2B8A7EDB2C32093A5A133CE4AE313E29F896F10] -- final execution id [F2B8A7EDB2C32093A5A133CE4AE313E29F896F10]
2015-08-24T10:56:47: [C8E07E1F23ED2A666A99FA88632B99EB1628B2AE]Create merge queue: project[3E7F569A54D16A35B6FC1471A0D0084DC6B242B3] buildId[Bolt Run - 07140582] execution ct: 1
2015-08-24T10:56:47: [C8E07E1F23ED2A666A99FA88632B99EB1628B2AE]Joining merge queue: project[3E7F569A54D16A35B6FC1471A0D0084DC6B242B3] buildId[Bolt Run - 07140582] execution ct: 1
2015-08-24T10:56:47: Adding 1 execution captures to merge queue: F2B8A7EDB2C32093A5A133CE4AE313E29F896F10
2015-08-24T10:56:47: Deleting execution after consolidation: F2B8A7EDB2C32093A5A133CE4AE313E29F896F10
2015-08-24T10:56:47: [C8E07E1F23ED2A666A99FA88632B99EB1628B2AE] merge request post processing completed.
2015-08-24T10:56:47: Execution C8E07E1F23ED2A666A99FA88632B99EB1628B2AE pre-aggregation complete in 00:00:00.0130839
2015-08-24T10:56:58: GET http://127.0.0.1:11235/serveravailable.json 200 0,001s 
2015-08-24T10:57:28: GET http://127.0.0.1:11235/serveravailable.json 200 0,001s 
2015-08-24T10:57:58: GET http://127.0.0.1:11235/serveravailable.json 200 0,001s 
2015-08-24T10:58:28: GET http://127.0.0.1:11235/serveravailable.json 200 0,001s 
2015-08-24T10:58:58: GET http://127.0.0.1:11235/serveravailable.json 200 0,001s 
2015-08-24T10:59:28: GET http://127.0.0.1:11235/serveravailable.json 200 0,001s 
2015-08-24T10:59:58: GET http://127.0.0.1:11235/serveravailable.json 200 0,001s 
2015-08-24T11:00:28: GET http://127.0.0.1:11235/serveravailable.json 200 0,001s 
2015-08-24T11:00:58: GET http://127.0.0.1:11235/serveravailable.json 200 0,001s 
2015-08-24T11:01:28: GET http://127.0.0.1:11235/serveravailable.json 200 0,001s 
2015-08-24T11:01:58: GET http://127.0.0.1:11235/serveravailable.json 200 0,001s 
2015-08-24T11:02:28: GET http://127.0.0.1:11235/serveravailable.json 200 0,001s 
2015-08-24T11:02:58: GET http://127.0.0.1:11235/serveravailable.json 200 0,001s 
2015-08-24T11:03:28: GET http://127.0.0.1:11235/serveravailable.json 200 0,001s 
2015-08-24T11:03:58: GET http://127.0.0.1:11235/serveravailable.json 200 0,001s 
2015-08-24T11:04:29: GET http://127.0.0.1:11235/serveravailable.json 200 0,002s 
2015-08-24T11:04:36: Ignoring BoltLoader AppDomain -- [104153368] "BoltLoader-c:\users\r.kutliahmetov\documents\visual studio 2013\projects\redis\bin\debug\redis.exe" [62FA4CAC108857637558B13C01DB36157C427022]
2015-08-24T11:04:36: Launch Static Analysis Module -- [36149635B8F2BD3A1BA2982FD766B815C8373CC0] "c:\users\r.kutliahmetov\documents\visual studio 2013\projects\redis\bin\debug\Redis.exe"
2015-08-24T11:04:36: Analysis Confirm: Check for existing Static Capture Hash - Redis.exe ModuleHash[36149635B8F2BD3A1BA2982FD766B815C8373CC0] MerkleHash[0000000000000000000000000000000000000000] DocumentHash[BE3FB20926088B302085A8AD2D2823B75666C6A4]
2015-08-24T11:04:36: Analysis Confirm: Static Analysis NOT found for Redis.exe by IL hash: ModuleHash[36149635B8F2BD3A1BA2982FD766B815C8373CC0] MerkleHash[0000000000000000000000000000000000000000
2015-08-24T11:04:36: Analysis for module required Redis.exe: ModuleHash[36149635B8F2BD3A1BA2982FD766B815C8373CC0] MerkleHash[0000000000000000000000000000000000000000]
2015-08-24T11:04:36: Module Load -- Capture[36149635B8F2BD3A1BA2982FD766B815C8373CC0] Binary[36149635B8F2BD3A1BA2982FD766B815C8373CC0] Merkle[38AC3C56C6791AF3286395120BD94AF2C94584BA] Module "c:\users\r.kutliahmetov\documents\visual studio 2013\projects\redis\bin\debug\Redis.exe"
2015-08-24T11:04:36: 2015-08-24T11:04:36.5043074+05:00 AnalysisShutdown RECEIVED:  36149635B8F2BD3A1BA2982FD766B815C8373CC0
2015-08-24T11:04:36: Analysis Shutdown -- [36149635B8F2BD3A1BA2982FD766B815C8373CC0]
2015-08-24T11:04:36: Static capture finalized -- [36149635B8F2BD3A1BA2982FD766B815C8373CC0] - 52 ms
2015-08-24T11:04:36: Captures to be updated because of static analysis -- [36149635B8F2BD3A1BA2982FD766B815C8373CC0] - 0
2015-08-24T11:04:36: Executions modified because of static analysis -- [36149635B8F2BD3A1BA2982FD766B815C8373CC0] - 0
2015-08-24T11:04:36: AppDomain Execution Started -- [103041224] "Bolt Run - c:\users\r.kutliahmetov\documents\visual studio 2013\projects\redis\bin\debug\redis.exe" [6751471200E8AA08E2FA84E9F20B7C0495EDCEB8]
2015-08-24T11:04:36: Module Load -- Capture[60B87426D1D889C4A08A4B10ACEBF50B1C9CB331] Binary[36149635B8F2BD3A1BA2982FD766B815C8373CC0] Merkle[0000000000000000000000000000000000000000] Module "c:\users\r.kutliahmetov\documents\visual studio 2013\projects\redis\bin\debug\Redis.exe"
2015-08-24T11:04:36: Launch Static Analysis Module -- [36149635B8F2BD3A1BA2982FD766B815C8373CC0] "c:\users\r.kutliahmetov\documents\visual studio 2013\projects\redis\bin\debug\Redis.exe"
2015-08-24T11:04:36: Analysis Confirm: Check for existing Static Capture Hash - Redis.exe ModuleHash[36149635B8F2BD3A1BA2982FD766B815C8373CC0] MerkleHash[0000000000000000000000000000000000000000] DocumentHash[BE3FB20926088B302085A8AD2D2823B75666C6A4]
2015-08-24T11:04:36: Analysis Confirm: Static Analysis NOT found for Redis.exe by IL hash: ModuleHash[36149635B8F2BD3A1BA2982FD766B815C8373CC0] MerkleHash[0000000000000000000000000000000000000000
2015-08-24T11:04:36: Analysis for module required Redis.exe: ModuleHash[36149635B8F2BD3A1BA2982FD766B815C8373CC0] MerkleHash[0000000000000000000000000000000000000000]
2015-08-24T11:04:36: Module Load -- Capture[36149635B8F2BD3A1BA2982FD766B815C8373CC0] Binary[36149635B8F2BD3A1BA2982FD766B815C8373CC0] Merkle[38AC3C56C6791AF3286395120BD94AF2C94584BA] Module "c:\users\r.kutliahmetov\documents\visual studio 2013\projects\redis\bin\debug\Redis.exe"
2015-08-24T11:04:36: 2015-08-24T11:04:36.9229280+05:00 AnalysisShutdown RECEIVED:  36149635B8F2BD3A1BA2982FD766B815C8373CC0
2015-08-24T11:04:36: Analysis Shutdown -- [36149635B8F2BD3A1BA2982FD766B815C8373CC0]
2015-08-24T11:04:36: Static capture finalized -- [36149635B8F2BD3A1BA2982FD766B815C8373CC0] - 62 ms
2015-08-24T11:04:37: Captures to be updated because of static analysis -- [36149635B8F2BD3A1BA2982FD766B815C8373CC0] - 0
2015-08-24T11:04:37: Executions modified because of static analysis -- [36149635B8F2BD3A1BA2982FD766B815C8373CC0] - 0
2015-08-24T11:04:39: App Domain shutdown - finalize [6751471200E8AA08E2FA84E9F20B7C0495EDCEB8] appDomain [Bolt Run - c:\users\r.kutliahmetov\documents\visual studio 2013\projects\redis\bin\debug\redis.exe]
2015-08-24T11:04:39: Finalize Execution Loading [6751471200E8AA08E2FA84E9F20B7C0495EDCEB8] appDomain [Bolt Run - c:\users\r.kutliahmetov\documents\visual studio 2013\projects\redis\bin\debug\redis.exe] captures [1]
2015-08-24T11:04:39: Finalize Execution [6751471200E8AA08E2FA84E9F20B7C0495EDCEB8] Loading Complete appDomain [Bolt Run - c:\users\r.kutliahmetov\documents\visual studio 2013\projects\redis\bin\debug\redis.exe]
2015-08-24T11:04:39: Finalize Execution [6751471200E8AA08E2FA84E9F20B7C0495EDCEB8] -- final execution id [6751471200E8AA08E2FA84E9F20B7C0495EDCEB8]
2015-08-24T11:04:39: [EDB2C3C62EBA9F2313C6583F5934C1710BDF49D7]Create merge queue: project[3E7F569A54D16A35B6FC1471A0D0084DC6B242B3] buildId[Bolt Run - 0edc0014] execution ct: 1
2015-08-24T11:04:39: [EDB2C3C62EBA9F2313C6583F5934C1710BDF49D7]Joining merge queue: project[3E7F569A54D16A35B6FC1471A0D0084DC6B242B3] buildId[Bolt Run - 0edc0014] execution ct: 1
2015-08-24T11:04:39: Adding 1 execution captures to merge queue: 6751471200E8AA08E2FA84E9F20B7C0495EDCEB8
2015-08-24T11:04:39: Deleting execution after consolidation: 6751471200E8AA08E2FA84E9F20B7C0495EDCEB8
2015-08-24T11:04:39: [EDB2C3C62EBA9F2313C6583F5934C1710BDF49D7] merge request post processing completed.
2015-08-24T11:04:39: Execution EDB2C3C62EBA9F2313C6583F5934C1710BDF49D7 pre-aggregation complete in 00:00:00.0135021
2015-08-24T11:04:59: GET http://127.0.0.1:11235/serveravailable.json 200 0,001s 
2015-08-24T11:05:29: GET http://127.0.0.1:11235/serveravailable.json 200 0,000s 
2015-08-24T11:05:59: GET http://127.0.0.1:11235/serveravailable.json 200 0,001s 
2015-08-24T11:06:29: GET http://127.0.0.1:11235/serveravailable.json 200 0,001s 
2015-08-24T11:06:59: GET http://127.0.0.1:11235/serveravailable.json 200 0,001s 
2015-08-24T11:07:29: GET http://127.0.0.1:11235/serveravailable.json 200 0,002s 
2015-08-24T11:07:59: GET http://127.0.0.1:11235/serveravailable.json 200 0,001s 
2015-08-24T11:08:29: GET http://127.0.0.1:11235/serveravailable.json 200 0,001s 
2015-08-24T11:08:59: GET http://127.0.0.1:11235/serveravailable.json 200 0,001s 
2015-08-24T11:09:29: GET http://127.0.0.1:11235/serveravailable.json 200 0,001s 
2015-08-24T11:09:59: GET http://127.0.0.1:11235/serveravailable.json 200 0,001s 
2015-08-24T11:10:29: GET http://127.0.0.1:11235/serveravailable.json 200 0,001s 
2015-08-24T11:10:59: GET http://127.0.0.1:11235/serveravailable.json 200 0,001s 
2015-08-24T11:11:29: GET http://127.0.0.1:11235/serveravailable.json 200 0,001s 
2015-08-24T11:11:59: GET http://127.0.0.1:11235/serveravailable.json 200 0,001s 
2015-08-24T11:12:29: GET http://127.0.0.1:11235/serveravailable.json 200 0,001s 
2015-08-24T11:12:59: GET http://127.0.0.1:11235/serveravailable.json 200 0,001s 
2015-08-24T11:13:29: GET http://127.0.0.1:11235/serveravailable.json 200 0,001s 
2015-08-24T11:13:59: GET http://127.0.0.1:11235/serveravailable.json 200 0,001s 
2015-08-24T11:14:29: GET http://127.0.0.1:11235/serveravailable.json 200 0,001s 
2015-08-24T11:14:59: GET http://127.0.0.1:11235/serveravailable.json 200 0,001s 
2015-08-24T11:15:29: GET http://127.0.0.1:11235/serveravailable.json 200 0,001s 
2015-08-24T11:15:59: GET http://127.0.0.1:11235/serveravailable.json 200 0,003s 
2015-08-24T11:16:29: GET http://127.0.0.1:11235/serveravailable.json 200 0,001s 
2015-08-24T11:16:59: GET http://127.0.0.1:11235/serveravailable.json 200 0,001s 
2015-08-24T11:17:29: GET http://127.0.0.1:11235/serveravailable.json 200 0,001s 
2015-08-24T11:17:59: GET http://127.0.0.1:11235/serveravailable.json 200 0,001s 
2015-08-24T11:18:29: GET http://127.0.0.1:11235/serveravailable.json 200 0,001s 
2015-08-24T11:18:59: GET http://127.0.0.1:11235/serveravailable.json 200 0,001s 
2015-08-24T11:19:29: GET http://127.0.0.1:11235/serveravailable.json 200 0,001s 
2015-08-24T11:19:59: GET http://127.0.0.1:11235/serveravailable.json 200 0,001s 
2015-08-24T11:20:29: GET http://127.0.0.1:11235/serveravailable.json 200 0,001s 
2015-08-24T11:20:59: GET http://127.0.0.1:11235/serveravailable.json 200 0,001s 
2015-08-24T11:21:29: GET http://127.0.0.1:11235/serveravailable.json 200 0,001s 
2015-08-24T11:21:30: Process shutdown - request execution finalize [62FA4CAC108857637558B13C01DB36157C427022]
2015-08-24T11:21:30: Process shutdown - finalize execution [62FA4CAC108857637558B13C01DB36157C427022] total appDomains 0
2015-08-24T11:21:30: Finalize Execution Loading [62FA4CAC108857637558B13C01DB36157C427022] appDomain [] captures [0]
2015-08-24T11:21:30: NO DATA for execution: [0:X]
2015-08-24T11:21:30: Finalize Execution [62FA4CAC108857637558B13C01DB36157C427022] -- final execution id [62FA4CAC108857637558B13C01DB36157C427022]
2015-08-24T11:21:30: [053CD29CEB99573019931920D12C1CFE2AFC0937]Create merge queue: project[3E7F569A54D16A35B6FC1471A0D0084DC6B242B3] buildId[62FA4CAC10] execution ct: 0
2015-08-24T11:21:30: [053CD29CEB99573019931920D12C1CFE2AFC0937]Joining merge queue: project[3E7F569A54D16A35B6FC1471A0D0084DC6B242B3] buildId[62FA4CAC10] execution ct: 0
2015-08-24T11:21:30: Process shutdown complete - Bolt session: dd1b4dd1-e311-4037-a8b7-8e625b62f64a
2015-08-24T11:21:59: GET http://127.0.0.1:11235/serveravailable.json 200 0,001s 
2015-08-24T11:22:05: Monitoring Process -- [1156] "C:\Program Files (x86)\Microsoft Visual Studio 12.0\Common7\IDE\Extensions\NCover\Bolt\5.0.2853.638\Bolt.Agent.40.x86.exe"
2015-08-24T11:22:05: Waiting for process to exit:  Bolt.Agent.40.x86(1156)
2015-08-24T11:22:05: Execution -- [51CD54545030AAABC82FA3AE7C2503D61F3E2BBE] 
2015-08-24T11:22:05: AllocatedPage -- [Global\GN_PAGE_001_1156] - 16777216
2015-08-24T11:22:05: Default AppDomain Started -- [1838616416] "mscorlib.dll" [51CD54545030AAABC82FA3AE7C2503D61F3E2BBE]
2015-08-24T11:22:05: Default AppDomain Started -- [4946504] "DefaultDomain" [51CD54545030AAABC82FA3AE7C2503D61F3E2BBE]
2015-08-24T11:22:05: Default AppDomain Started -- [1838615560] "EE Shared Assembly Repository" [51CD54545030AAABC82FA3AE7C2503D61F3E2BBE]
2015-08-24T11:22:07: AppDomain Execution Started -- [103389680] "Bolt Run - c:\users\r.kutliahmetov\documents\visual studio 2013\projects\redis\bin\debug\redis.exe" [8AA56591CBC8C9C7FD8A3D6DAF242C66963E6612]
2015-08-24T11:22:07: Module Load -- Capture[C867C95F5DDF38B1C6D20D9E061A2180117C9AC6] Binary[40996AD075B4C0E4F41AE233A4FC03AB18214446] Merkle[0000000000000000000000000000000000000000] Module "c:\users\r.kutliahmetov\documents\visual studio 2013\projects\redis\bin\debug\Redis.exe"
2015-08-24T11:22:07: Launch Static Analysis Module -- [40996AD075B4C0E4F41AE233A4FC03AB18214446] "c:\users\r.kutliahmetov\documents\visual studio 2013\projects\redis\bin\debug\Redis.exe"
2015-08-24T11:22:07: Analysis Confirm: Check for existing Static Capture Hash - Redis.exe ModuleHash[40996AD075B4C0E4F41AE233A4FC03AB18214446] MerkleHash[0000000000000000000000000000000000000000] DocumentHash[75F342B9F867AA9143CB1AAFAC2BAB2E2D527DED]
2015-08-24T11:22:07: Analysis Confirm: Static Analysis NOT found for Redis.exe by IL hash: ModuleHash[40996AD075B4C0E4F41AE233A4FC03AB18214446] MerkleHash[0000000000000000000000000000000000000000
2015-08-24T11:22:07: Analysis for module required Redis.exe: ModuleHash[40996AD075B4C0E4F41AE233A4FC03AB18214446] MerkleHash[0000000000000000000000000000000000000000]
2015-08-24T11:22:07: Module Load -- Capture[40996AD075B4C0E4F41AE233A4FC03AB18214446] Binary[40996AD075B4C0E4F41AE233A4FC03AB18214446] Merkle[592B039F8175DF216F76396F539CC90357DE186C] Module "c:\users\r.kutliahmetov\documents\visual studio 2013\projects\redis\bin\debug\Redis.exe"
2015-08-24T11:22:07: 2015-08-24T11:22:07.4739281+05:00 AnalysisShutdown RECEIVED:  40996AD075B4C0E4F41AE233A4FC03AB18214446
2015-08-24T11:22:07: Analysis Shutdown -- [40996AD075B4C0E4F41AE233A4FC03AB18214446]
2015-08-24T11:22:07: Static capture finalized -- [40996AD075B4C0E4F41AE233A4FC03AB18214446] - 58 ms
2015-08-24T11:22:07: Captures to be updated because of static analysis -- [40996AD075B4C0E4F41AE233A4FC03AB18214446] - 0
2015-08-24T11:22:07: Executions modified because of static analysis -- [40996AD075B4C0E4F41AE233A4FC03AB18214446] - 0
2015-08-24T11:22:12: App Domain shutdown - finalize [8AA56591CBC8C9C7FD8A3D6DAF242C66963E6612] appDomain [Bolt Run - c:\users\r.kutliahmetov\documents\visual studio 2013\projects\redis\bin\debug\redis.exe]
2015-08-24T11:22:12: Finalize Execution Loading [8AA56591CBC8C9C7FD8A3D6DAF242C66963E6612] appDomain [Bolt Run - c:\users\r.kutliahmetov\documents\visual studio 2013\projects\redis\bin\debug\redis.exe] captures [1]
2015-08-24T11:22:12: Finalize Execution [8AA56591CBC8C9C7FD8A3D6DAF242C66963E6612] Loading Complete appDomain [Bolt Run - c:\users\r.kutliahmetov\documents\visual studio 2013\projects\redis\bin\debug\redis.exe]
2015-08-24T11:22:12: Finalize Execution [8AA56591CBC8C9C7FD8A3D6DAF242C66963E6612] -- final execution id [8AA56591CBC8C9C7FD8A3D6DAF242C66963E6612]
2015-08-24T11:22:12: [E992F95DB7EE9B87EE29706375AA3EEEF4E64E5D]Create merge queue: project[3E7F569A54D16A35B6FC1471A0D0084DC6B242B3] buildId[Bolt Run - 66aa6217] execution ct: 1
2015-08-24T11:22:12: [E992F95DB7EE9B87EE29706375AA3EEEF4E64E5D]Joining merge queue: project[3E7F569A54D16A35B6FC1471A0D0084DC6B242B3] buildId[Bolt Run - 66aa6217] execution ct: 1
2015-08-24T11:22:12: Adding 1 execution captures to merge queue: 8AA56591CBC8C9C7FD8A3D6DAF242C66963E6612
2015-08-24T11:22:12: Deleting execution after consolidation: 8AA56591CBC8C9C7FD8A3D6DAF242C66963E6612
2015-08-24T11:22:12: [E992F95DB7EE9B87EE29706375AA3EEEF4E64E5D] merge request post processing completed.
2015-08-24T11:22:12: Execution E992F95DB7EE9B87EE29706375AA3EEEF4E64E5D pre-aggregation complete in 00:00:00.0191354
2015-08-24T11:22:29: GET http://127.0.0.1:11235/serveravailable.json 200 0,001s 
2015-08-24T11:22:59: GET http://127.0.0.1:11235/serveravailable.json 200 0,001s 
2015-08-24T11:23:29: GET http://127.0.0.1:11235/serveravailable.json 200 0,001s 
2015-08-24T11:23:59: GET http://127.0.0.1:11235/serveravailable.json 200 0,001s 
2015-08-24T11:24:29: GET http://127.0.0.1:11235/serveravailable.json 200 0,001s 
2015-08-24T11:24:59: GET http://127.0.0.1:11235/serveravailable.json 200 0,001s 
2015-08-24T11:25:29: GET http://127.0.0.1:11235/serveravailable.json 200 0,000s 
2015-08-24T11:25:59: GET http://127.0.0.1:11235/serveravailable.json 200 0,001s 
2015-08-24T11:26:29: GET http://127.0.0.1:11235/serveravailable.json 200 0,001s 
2015-08-24T11:26:30: Closing bolt session for c:\users\r.kutliahmetov\documents\visual studio 2013\projects\redis\.redis.boltdata - SessionId: dd1b4dd1-e311-4037-a8b7-8e625b62f64a
